   1               		.file	"robokits.c"
   2               	__SREG__ = 0x3f
   3               	__SP_H__ = 0x3e
   4               	__SP_L__ = 0x3d
   5               	__tmp_reg__ = 0
   6               	__zero_reg__ = 1
   7               		.global __do_copy_data
   8               		.global __do_clear_bss
  16               	.Ltext0:
  17               	.global	main
  19               	main:
  20               	.LFB9:
  21               	.LM1:
  22               	/* prologue: frame size=5 */
  23 0000 EF92      		push r14
  24 0002 FF92      		push r15
  25 0004 0F93      		push r16
  26 0006 1F93      		push r17
  27 0008 CF93      		push r28
  28 000a DF93      		push r29
  29 000c CDB7      		in r28,__SP_L__
  30 000e DEB7      		in r29,__SP_H__
  31 0010 2597      		sbiw r28,5
  32 0012 0FB6      		in __tmp_reg__,__SREG__
  33 0014 F894      		cli
  34 0016 DEBF      		out __SP_H__,r29
  35 0018 0FBE      		out __SREG__,__tmp_reg__
  36 001a CDBF      		out __SP_L__,r28
  37               	/* prologue end (size=14) */
  38               	.LM2:
  39 001c 84E8      		ldi r24,lo8(-124)
  40 001e 86B9      		out 38-0x20,r24
  41               	.LM3:
  42 0020 81E0      		ldi r24,lo8(1)
  43 0022 87BB      		out 55-0x20,r24
  44               	.LM4:
  45 0024 80EC      		ldi r24,lo8(-64)
  46 0026 81BB      		out 49-0x20,r24
  47               	.LM5:
  48 0028 C09A      		sbi 56-0x20,0
  49               	.LM6:
  50 002a 8CE0      		ldi r24,lo8(12)
  51 002c 90E0      		ldi r25,hi8(12)
  52 002e 00D0      		rcall uart_init
  53               	.LM7:
  54               	/* #APP */
  55 0030 7894      		sei
  56               	.LM8:
  57               	/* #NOAPP */
  58 0032 80E0      		ldi r24,lo8(__c.1688)
  59 0034 90E0      		ldi r25,hi8(__c.1688)
  60 0036 00D0      		rcall uart_puts_p
  61               	.LM9:
  62 0038 80E0      		ldi r24,lo8(__c.1690)
  63 003a 90E0      		ldi r25,hi8(__c.1690)
  64 003c 00D0      		rcall uart_puts_p
  65               	.LM10:
  66 003e 80E0      		ldi r24,lo8(__c.1692)
  67 0040 90E0      		ldi r25,hi8(__c.1692)
  68 0042 00D0      		rcall uart_puts_p
  69               	.LM11:
  70 0044 80E0      		ldi r24,lo8(__c.1694)
  71 0046 90E0      		ldi r25,hi8(__c.1694)
  72 0048 00D0      		rcall uart_puts_p
  73               	.LM12:
  74 004a 8E01      		movw r16,r28
  75 004c 0F5F      		subi r16,lo8(-(1))
  76 004e 1F4F      		sbci r17,hi8(-(1))
  77 0050 80E0      		ldi r24,lo8(__c.1700)
  78 0052 E82E      		mov r14,r24
  79 0054 80E0      		ldi r24,hi8(__c.1700)
  80 0056 F82E      		mov r15,r24
  81               	.L2:
  82               	.LM13:
  83 0058 17B8      		out 39-0x20,__zero_reg__
  84               	.LM14:
  85 005a 369A      		sbi 38-0x20,6
  86               	.L3:
  87               	.LM15:
  88 005c 3699      		sbic 38-0x20,6
  89 005e 00C0      		rjmp .L3
  90               	.LM16:
  91 0060 84B1      		in r24,36-0x20
  92 0062 95B1      		in r25,(36)+1-0x20
  93               	.LM17:
  94 0064 4AE0      		ldi r20,lo8(10)
  95 0066 50E0      		ldi r21,hi8(10)
  96 0068 B801      		movw r22,r16
  97 006a 00D0      		rcall itoa
  98               	.LM18:
  99 006c C801      		movw r24,r16
 100 006e 00D0      		rcall uart_puts
 101               	.LM19:
 102 0070 C701      		movw r24,r14
 103 0072 00D0      		rcall uart_puts_p
 104 0074 00C0      		rjmp .L2
 105               	/* epilogue: frame size=5 */
 106               	/* epilogue: noreturn */
 107               	/* epilogue end (size=0) */
 108               	/* function main size 60 (46) */
 109               	.LFE9:
 111               		.section	.progmem.data,"a",@progbits
 114               	__c.1700:
 115 0000 2020 00   		.string	"  "
 118               	__c.1694:
 119 0003 0D0A 0A53 		.string	"\r\n\nSample code for ADC.\r\n\n"
 119      616D 706C 
 119      6520 636F 
 119      6465 2066 
 119      6F72 2041 
 122               	__c.1692:
 123 001e 0D0A 0A56 		.string	"\r\n\nVisit Us at www.robokits.org. "
 123      6973 6974 
 123      2055 7320 
 123      6174 2077 
 123      7777 2E72 
 126               	__c.1690:
 127 0040 0D0A 0A43 		.string	"\r\n\nCheapest Robotics Kits in India. "
 127      6865 6170 
 127      6573 7420 
 127      526F 626F 
 127      7469 6373 
 130               	__c.1688:
 131 0065 0D0A 0A53 		.string	"\r\n\nSample code made by Robokits India for product id 19. "
 131      616D 706C 
 131      6520 636F 
 131      6465 206D 
 131      6164 6520 
 156               	.Letext0:
DEFINED SYMBOLS
                            *ABS*:00000000 robokits.c
C:\DOCUME~1\Sandeep\LOCALS~1\Temp/ccDCVqIw.s:2      *ABS*:0000003f __SREG__
C:\DOCUME~1\Sandeep\LOCALS~1\Temp/ccDCVqIw.s:3      *ABS*:0000003e __SP_H__
C:\DOCUME~1\Sandeep\LOCALS~1\Temp/ccDCVqIw.s:4      *ABS*:0000003d __SP_L__
C:\DOCUME~1\Sandeep\LOCALS~1\Temp/ccDCVqIw.s:5      *ABS*:00000000 __tmp_reg__
C:\DOCUME~1\Sandeep\LOCALS~1\Temp/ccDCVqIw.s:6      *ABS*:00000001 __zero_reg__
C:\DOCUME~1\Sandeep\LOCALS~1\Temp/ccDCVqIw.s:19     .text:00000000 main
C:\DOCUME~1\Sandeep\LOCALS~1\Temp/ccDCVqIw.s:130    .progmem.data:00000065 __c.1688
C:\DOCUME~1\Sandeep\LOCALS~1\Temp/ccDCVqIw.s:126    .progmem.data:00000040 __c.1690
C:\DOCUME~1\Sandeep\LOCALS~1\Temp/ccDCVqIw.s:122    .progmem.data:0000001e __c.1692
C:\DOCUME~1\Sandeep\LOCALS~1\Temp/ccDCVqIw.s:118    .progmem.data:00000003 __c.1694
C:\DOCUME~1\Sandeep\LOCALS~1\Temp/ccDCVqIw.s:114    .progmem.data:00000000 __c.1700

UNDEFINED SYMBOLS
__do_copy_data
__do_clear_bss
uart_init
uart_puts_p
itoa
uart_puts
